<?xml version="1.0" encoding="UTF-8"?>
<testsuite xmlns:xsi="http://www.w3.org/2001/XMLSchema-instance" xsi:noNamespaceSchemaLocation="https://maven.apache.org/surefire/maven-surefire-plugin/xsd/surefire-test-report-3.0.xsd" version="3.0" name="com.redis.jpilot.JpilotApplicationTests" time="0.99" tests="1" errors="1" skipped="0" failures="0">
  <properties>
    <property name="java.specification.version" value="22"/>
    <property name="sun.jnu.encoding" value="UTF-8"/>
    <property name="java.class.path" value="/Users/mortensi/workspace/jpilot/target/test-classes:/Users/mortensi/workspace/jpilot/target/classes:/Users/mortensi/.m2/repository/org/springframework/boot/spring-boot-devtools/3.3.2/spring-boot-devtools-3.3.2.jar:/Users/mortensi/.m2/repository/org/springframework/boot/spring-boot/3.3.2/spring-boot-3.3.2.jar:/Users/mortensi/.m2/repository/org/springframework/spring-context/6.1.11/spring-context-6.1.11.jar:/Users/mortensi/.m2/repository/org/springframework/boot/spring-boot-autoconfigure/3.3.2/spring-boot-autoconfigure-3.3.2.jar:/Users/mortensi/.m2/repository/org/springframework/boot/spring-boot-starter-thymeleaf/3.3.2/spring-boot-starter-thymeleaf-3.3.2.jar:/Users/mortensi/.m2/repository/org/springframework/boot/spring-boot-starter/3.3.2/spring-boot-starter-3.3.2.jar:/Users/mortensi/.m2/repository/org/springframework/boot/spring-boot-starter-logging/3.3.2/spring-boot-starter-logging-3.3.2.jar:/Users/mortensi/.m2/repository/ch/qos/logback/logback-classic/1.5.6/logback-classic-1.5.6.jar:/Users/mortensi/.m2/repository/ch/qos/logback/logback-core/1.5.6/logback-core-1.5.6.jar:/Users/mortensi/.m2/repository/org/apache/logging/log4j/log4j-to-slf4j/2.23.1/log4j-to-slf4j-2.23.1.jar:/Users/mortensi/.m2/repository/org/apache/logging/log4j/log4j-api/2.23.1/log4j-api-2.23.1.jar:/Users/mortensi/.m2/repository/org/slf4j/jul-to-slf4j/2.0.13/jul-to-slf4j-2.0.13.jar:/Users/mortensi/.m2/repository/jakarta/annotation/jakarta.annotation-api/2.1.1/jakarta.annotation-api-2.1.1.jar:/Users/mortensi/.m2/repository/org/yaml/snakeyaml/2.2/snakeyaml-2.2.jar:/Users/mortensi/.m2/repository/org/thymeleaf/thymeleaf-spring6/3.1.2.RELEASE/thymeleaf-spring6-3.1.2.RELEASE.jar:/Users/mortensi/.m2/repository/org/thymeleaf/thymeleaf/3.1.2.RELEASE/thymeleaf-3.1.2.RELEASE.jar:/Users/mortensi/.m2/repository/org/attoparser/attoparser/2.0.7.RELEASE/attoparser-2.0.7.RELEASE.jar:/Users/mortensi/.m2/repository/org/unbescape/unbescape/1.1.6.RELEASE/unbescape-1.1.6.RELEASE.jar:/Users/mortensi/.m2/repository/org/springframework/boot/spring-boot-starter-test/3.3.2/spring-boot-starter-test-3.3.2.jar:/Users/mortensi/.m2/repository/org/springframework/boot/spring-boot-test/3.3.2/spring-boot-test-3.3.2.jar:/Users/mortensi/.m2/repository/org/springframework/boot/spring-boot-test-autoconfigure/3.3.2/spring-boot-test-autoconfigure-3.3.2.jar:/Users/mortensi/.m2/repository/com/jayway/jsonpath/json-path/2.9.0/json-path-2.9.0.jar:/Users/mortensi/.m2/repository/jakarta/xml/bind/jakarta.xml.bind-api/4.0.2/jakarta.xml.bind-api-4.0.2.jar:/Users/mortensi/.m2/repository/jakarta/activation/jakarta.activation-api/2.1.3/jakarta.activation-api-2.1.3.jar:/Users/mortensi/.m2/repository/net/minidev/json-smart/2.5.1/json-smart-2.5.1.jar:/Users/mortensi/.m2/repository/net/minidev/accessors-smart/2.5.1/accessors-smart-2.5.1.jar:/Users/mortensi/.m2/repository/org/ow2/asm/asm/9.6/asm-9.6.jar:/Users/mortensi/.m2/repository/org/assertj/assertj-core/3.25.3/assertj-core-3.25.3.jar:/Users/mortensi/.m2/repository/net/bytebuddy/byte-buddy/1.14.18/byte-buddy-1.14.18.jar:/Users/mortensi/.m2/repository/org/awaitility/awaitility/4.2.1/awaitility-4.2.1.jar:/Users/mortensi/.m2/repository/org/hamcrest/hamcrest/2.2/hamcrest-2.2.jar:/Users/mortensi/.m2/repository/org/junit/jupiter/junit-jupiter/5.10.3/junit-jupiter-5.10.3.jar:/Users/mortensi/.m2/repository/org/junit/jupiter/junit-jupiter-api/5.10.3/junit-jupiter-api-5.10.3.jar:/Users/mortensi/.m2/repository/org/opentest4j/opentest4j/1.3.0/opentest4j-1.3.0.jar:/Users/mortensi/.m2/repository/org/junit/platform/junit-platform-commons/1.10.3/junit-platform-commons-1.10.3.jar:/Users/mortensi/.m2/repository/org/apiguardian/apiguardian-api/1.1.2/apiguardian-api-1.1.2.jar:/Users/mortensi/.m2/repository/org/junit/jupiter/junit-jupiter-params/5.10.3/junit-jupiter-params-5.10.3.jar:/Users/mortensi/.m2/repository/org/junit/jupiter/junit-jupiter-engine/5.10.3/junit-jupiter-engine-5.10.3.jar:/Users/mortensi/.m2/repository/org/junit/platform/junit-platform-engine/1.10.3/junit-platform-engine-1.10.3.jar:/Users/mortensi/.m2/repository/org/mockito/mockito-core/5.11.0/mockito-core-5.11.0.jar:/Users/mortensi/.m2/repository/net/bytebuddy/byte-buddy-agent/1.14.18/byte-buddy-agent-1.14.18.jar:/Users/mortensi/.m2/repository/org/objenesis/objenesis/3.3/objenesis-3.3.jar:/Users/mortensi/.m2/repository/org/mockito/mockito-junit-jupiter/5.11.0/mockito-junit-jupiter-5.11.0.jar:/Users/mortensi/.m2/repository/org/skyscreamer/jsonassert/1.5.3/jsonassert-1.5.3.jar:/Users/mortensi/.m2/repository/com/vaadin/external/google/android-json/0.0.20131108.vaadin1/android-json-0.0.20131108.vaadin1.jar:/Users/mortensi/.m2/repository/org/springframework/spring-core/6.1.11/spring-core-6.1.11.jar:/Users/mortensi/.m2/repository/org/springframework/spring-jcl/6.1.11/spring-jcl-6.1.11.jar:/Users/mortensi/.m2/repository/org/springframework/spring-test/6.1.11/spring-test-6.1.11.jar:/Users/mortensi/.m2/repository/org/xmlunit/xmlunit-core/2.9.1/xmlunit-core-2.9.1.jar:/Users/mortensi/.m2/repository/org/springframework/boot/spring-boot-starter-web/3.3.2/spring-boot-starter-web-3.3.2.jar:/Users/mortensi/.m2/repository/org/springframework/boot/spring-boot-starter-json/3.3.2/spring-boot-starter-json-3.3.2.jar:/Users/mortensi/.m2/repository/com/fasterxml/jackson/core/jackson-databind/2.17.2/jackson-databind-2.17.2.jar:/Users/mortensi/.m2/repository/com/fasterxml/jackson/core/jackson-annotations/2.17.2/jackson-annotations-2.17.2.jar:/Users/mortensi/.m2/repository/com/fasterxml/jackson/core/jackson-core/2.17.2/jackson-core-2.17.2.jar:/Users/mortensi/.m2/repository/com/fasterxml/jackson/datatype/jackson-datatype-jdk8/2.17.2/jackson-datatype-jdk8-2.17.2.jar:/Users/mortensi/.m2/repository/com/fasterxml/jackson/datatype/jackson-datatype-jsr310/2.17.2/jackson-datatype-jsr310-2.17.2.jar:/Users/mortensi/.m2/repository/com/fasterxml/jackson/module/jackson-module-parameter-names/2.17.2/jackson-module-parameter-names-2.17.2.jar:/Users/mortensi/.m2/repository/org/springframework/boot/spring-boot-starter-tomcat/3.3.2/spring-boot-starter-tomcat-3.3.2.jar:/Users/mortensi/.m2/repository/org/apache/tomcat/embed/tomcat-embed-core/10.1.26/tomcat-embed-core-10.1.26.jar:/Users/mortensi/.m2/repository/org/apache/tomcat/embed/tomcat-embed-el/10.1.26/tomcat-embed-el-10.1.26.jar:/Users/mortensi/.m2/repository/org/apache/tomcat/embed/tomcat-embed-websocket/10.1.26/tomcat-embed-websocket-10.1.26.jar:/Users/mortensi/.m2/repository/org/springframework/spring-web/6.1.11/spring-web-6.1.11.jar:/Users/mortensi/.m2/repository/org/springframework/spring-beans/6.1.11/spring-beans-6.1.11.jar:/Users/mortensi/.m2/repository/io/micrometer/micrometer-observation/1.13.2/micrometer-observation-1.13.2.jar:/Users/mortensi/.m2/repository/io/micrometer/micrometer-commons/1.13.2/micrometer-commons-1.13.2.jar:/Users/mortensi/.m2/repository/org/springframework/spring-webmvc/6.1.11/spring-webmvc-6.1.11.jar:/Users/mortensi/.m2/repository/org/springframework/spring-expression/6.1.11/spring-expression-6.1.11.jar:/Users/mortensi/.m2/repository/org/springframework/session/spring-session-data-redis/3.3.1/spring-session-data-redis-3.3.1.jar:/Users/mortensi/.m2/repository/org/springframework/session/spring-session-core/3.3.1/spring-session-core-3.3.1.jar:/Users/mortensi/.m2/repository/org/springframework/data/spring-data-redis/3.3.2/spring-data-redis-3.3.2.jar:/Users/mortensi/.m2/repository/org/springframework/data/spring-data-keyvalue/3.3.2/spring-data-keyvalue-3.3.2.jar:/Users/mortensi/.m2/repository/org/springframework/data/spring-data-commons/3.3.2/spring-data-commons-3.3.2.jar:/Users/mortensi/.m2/repository/org/springframework/spring-tx/6.1.11/spring-tx-6.1.11.jar:/Users/mortensi/.m2/repository/org/springframework/spring-oxm/6.1.11/spring-oxm-6.1.11.jar:/Users/mortensi/.m2/repository/org/springframework/spring-aop/6.1.11/spring-aop-6.1.11.jar:/Users/mortensi/.m2/repository/org/springframework/spring-context-support/6.1.11/spring-context-support-6.1.11.jar:/Users/mortensi/.m2/repository/org/slf4j/slf4j-api/2.0.13/slf4j-api-2.0.13.jar:/Users/mortensi/.m2/repository/org/springframework/ai/spring-ai-redis-store-spring-boot-starter/1.0.0-M1/spring-ai-redis-store-spring-boot-starter-1.0.0-M1.jar:/Users/mortensi/.m2/repository/org/springframework/ai/spring-ai-spring-boot-autoconfigure/1.0.0-M1/spring-ai-spring-boot-autoconfigure-1.0.0-M1.jar:/Users/mortensi/.m2/repository/com/google/protobuf/protobuf-java/3.25.2/protobuf-java-3.25.2.jar:/Users/mortensi/.m2/repository/io/netty/netty-codec-http2/4.1.111.Final/netty-codec-http2-4.1.111.Final.jar:/Users/mortensi/.m2/repository/io/netty/netty-buffer/4.1.111.Final/netty-buffer-4.1.111.Final.jar:/Users/mortensi/.m2/repository/io/netty/netty-codec/4.1.111.Final/netty-codec-4.1.111.Final.jar:/Users/mortensi/.m2/repository/io/netty/netty-codec-http/4.1.111.Final/netty-codec-http-4.1.111.Final.jar:/Users/mortensi/.m2/repository/org/springframework/ai/spring-ai-redis-store/1.0.0-M1/spring-ai-redis-store-1.0.0-M1.jar:/Users/mortensi/.m2/repository/org/springframework/ai/spring-ai-core/1.0.0-M1/spring-ai-core-1.0.0-M1.jar:/Users/mortensi/.m2/repository/io/swagger/core/v3/swagger-annotations/2.2.20/swagger-annotations-2.2.20.jar:/Users/mortensi/.m2/repository/com/github/victools/jsonschema-module-swagger-2/4.35.0/jsonschema-module-swagger-2-4.35.0.jar:/Users/mortensi/.m2/repository/org/springframework/cloud/spring-cloud-function-context/4.1.1/spring-cloud-function-context-4.1.1.jar:/Users/mortensi/.m2/repository/net/jodah/typetools/0.6.2/typetools-0.6.2.jar:/Users/mortensi/.m2/repository/org/springframework/cloud/spring-cloud-function-core/4.1.1/spring-cloud-function-core-4.1.1.jar:/Users/mortensi/.m2/repository/org/antlr/stringtemplate/4.0.2/stringtemplate-4.0.2.jar:/Users/mortensi/.m2/repository/org/antlr/antlr-runtime/3.3/antlr-runtime-3.3.jar:/Users/mortensi/.m2/repository/org/antlr/antlr4-runtime/4.13.1/antlr4-runtime-4.13.1.jar:/Users/mortensi/.m2/repository/org/springframework/spring-messaging/6.1.11/spring-messaging-6.1.11.jar:/Users/mortensi/.m2/repository/com/github/victools/jsonschema-generator/4.35.0/jsonschema-generator-4.35.0.jar:/Users/mortensi/.m2/repository/com/fasterxml/classmate/1.7.0/classmate-1.7.0.jar:/Users/mortensi/.m2/repository/com/github/victools/jsonschema-module-jackson/4.35.0/jsonschema-module-jackson-4.35.0.jar:/Users/mortensi/.m2/repository/org/springframework/boot/spring-boot-starter-data-redis/3.3.2/spring-boot-starter-data-redis-3.3.2.jar:/Users/mortensi/.m2/repository/io/lettuce/lettuce-core/6.3.2.RELEASE/lettuce-core-6.3.2.RELEASE.jar:/Users/mortensi/.m2/repository/io/netty/netty-common/4.1.111.Final/netty-common-4.1.111.Final.jar:/Users/mortensi/.m2/repository/io/netty/netty-handler/4.1.111.Final/netty-handler-4.1.111.Final.jar:/Users/mortensi/.m2/repository/io/netty/netty-resolver/4.1.111.Final/netty-resolver-4.1.111.Final.jar:/Users/mortensi/.m2/repository/io/netty/netty-transport-native-unix-common/4.1.111.Final/netty-transport-native-unix-common-4.1.111.Final.jar:/Users/mortensi/.m2/repository/io/netty/netty-transport/4.1.111.Final/netty-transport-4.1.111.Final.jar:/Users/mortensi/.m2/repository/io/projectreactor/reactor-core/3.6.8/reactor-core-3.6.8.jar:/Users/mortensi/.m2/repository/org/reactivestreams/reactive-streams/1.0.4/reactive-streams-1.0.4.jar:/Users/mortensi/.m2/repository/dev/langchain4j/langchain4j-open-ai-spring-boot-starter/0.33.0/langchain4j-open-ai-spring-boot-starter-0.33.0.jar:/Users/mortensi/.m2/repository/dev/langchain4j/langchain4j-open-ai/0.33.0/langchain4j-open-ai-0.33.0.jar:/Users/mortensi/.m2/repository/dev/ai4j/openai4j/0.17.0/openai4j-0.17.0.jar:/Users/mortensi/.m2/repository/com/squareup/retrofit2/retrofit/2.9.0/retrofit-2.9.0.jar:/Users/mortensi/.m2/repository/com/squareup/retrofit2/converter-gson/2.9.0/converter-gson-2.9.0.jar:/Users/mortensi/.m2/repository/com/squareup/okhttp3/okhttp/4.12.0/okhttp-4.12.0.jar:/Users/mortensi/.m2/repository/com/squareup/okio/okio/3.6.0/okio-3.6.0.jar:/Users/mortensi/.m2/repository/com/squareup/okio/okio-jvm/3.6.0/okio-jvm-3.6.0.jar:/Users/mortensi/.m2/repository/org/jetbrains/kotlin/kotlin-stdlib-common/1.9.24/kotlin-stdlib-common-1.9.24.jar:/Users/mortensi/.m2/repository/org/jetbrains/kotlin/kotlin-stdlib-jdk8/1.9.24/kotlin-stdlib-jdk8-1.9.24.jar:/Users/mortensi/.m2/repository/org/jetbrains/kotlin/kotlin-stdlib/1.9.24/kotlin-stdlib-1.9.24.jar:/Users/mortensi/.m2/repository/org/jetbrains/annotations/13.0/annotations-13.0.jar:/Users/mortensi/.m2/repository/org/jetbrains/kotlin/kotlin-stdlib-jdk7/1.9.24/kotlin-stdlib-jdk7-1.9.24.jar:/Users/mortensi/.m2/repository/com/squareup/okhttp3/okhttp-sse/4.12.0/okhttp-sse-4.12.0.jar:/Users/mortensi/.m2/repository/com/knuddels/jtokkit/1.1.0/jtokkit-1.1.0.jar:/Users/mortensi/.m2/repository/dev/langchain4j/langchain4j/0.33.0/langchain4j-0.33.0.jar:/Users/mortensi/.m2/repository/dev/langchain4j/langchain4j-core/0.33.0/langchain4j-core-0.33.0.jar:/Users/mortensi/.m2/repository/org/apache/opennlp/opennlp-tools/1.9.4/opennlp-tools-1.9.4.jar:/Users/mortensi/.m2/repository/org/jsoup/jsoup/1.16.1/jsoup-1.16.1.jar:/Users/mortensi/.m2/repository/dev/langchain4j/langchain4j-redis/0.33.0/langchain4j-redis-0.33.0.jar:/Users/mortensi/.m2/repository/redis/clients/jedis/5.1.4/jedis-5.1.4.jar:/Users/mortensi/.m2/repository/org/apache/commons/commons-pool2/2.12.0/commons-pool2-2.12.0.jar:/Users/mortensi/.m2/repository/org/json/json/20231013/json-20231013.jar:/Users/mortensi/.m2/repository/com/google/code/gson/gson/2.10.1/gson-2.10.1.jar:/Users/mortensi/.m2/repository/com/opencsv/opencsv/5.5.2/opencsv-5.5.2.jar:/Users/mortensi/.m2/repository/org/apache/commons/commons-lang3/3.14.0/commons-lang3-3.14.0.jar:/Users/mortensi/.m2/repository/org/apache/commons/commons-text/1.9/commons-text-1.9.jar:/Users/mortensi/.m2/repository/commons-beanutils/commons-beanutils/1.9.4/commons-beanutils-1.9.4.jar:/Users/mortensi/.m2/repository/commons-logging/commons-logging/1.2/commons-logging-1.2.jar:/Users/mortensi/.m2/repository/commons-collections/commons-collections/3.2.2/commons-collections-3.2.2.jar:/Users/mortensi/.m2/repository/org/apache/commons/commons-collections4/4.4/commons-collections4-4.4.jar:"/>
    <property name="java.vm.vendor" value="Homebrew"/>
    <property name="sun.arch.data.model" value="64"/>
    <property name="java.vendor.url" value="https://github.com/Homebrew/homebrew-core/issues"/>
    <property name="user.timezone" value="Europe/Rome"/>
    <property name="os.name" value="Mac OS X"/>
    <property name="java.vm.specification.version" value="22"/>
    <property name="sun.java.launcher" value="SUN_STANDARD"/>
    <property name="user.country" value="IT"/>
    <property name="sun.boot.library.path" value="/opt/homebrew/Cellar/openjdk/22.0.2/libexec/openjdk.jdk/Contents/Home/lib"/>
    <property name="sun.java.command" value="/Users/mortensi/workspace/jpilot/target/surefire/surefirebooter-20240915133250089_3.jar /Users/mortensi/workspace/jpilot/target/surefire 2024-09-15T13-32-47_202-jvmRun1 surefire-20240915133250089_1tmp surefire_0-20240915133250089_2tmp"/>
    <property name="jdk.debug" value="release"/>
    <property name="surefire.test.class.path" value="/Users/mortensi/workspace/jpilot/target/test-classes:/Users/mortensi/workspace/jpilot/target/classes:/Users/mortensi/.m2/repository/org/springframework/boot/spring-boot-devtools/3.3.2/spring-boot-devtools-3.3.2.jar:/Users/mortensi/.m2/repository/org/springframework/boot/spring-boot/3.3.2/spring-boot-3.3.2.jar:/Users/mortensi/.m2/repository/org/springframework/spring-context/6.1.11/spring-context-6.1.11.jar:/Users/mortensi/.m2/repository/org/springframework/boot/spring-boot-autoconfigure/3.3.2/spring-boot-autoconfigure-3.3.2.jar:/Users/mortensi/.m2/repository/org/springframework/boot/spring-boot-starter-thymeleaf/3.3.2/spring-boot-starter-thymeleaf-3.3.2.jar:/Users/mortensi/.m2/repository/org/springframework/boot/spring-boot-starter/3.3.2/spring-boot-starter-3.3.2.jar:/Users/mortensi/.m2/repository/org/springframework/boot/spring-boot-starter-logging/3.3.2/spring-boot-starter-logging-3.3.2.jar:/Users/mortensi/.m2/repository/ch/qos/logback/logback-classic/1.5.6/logback-classic-1.5.6.jar:/Users/mortensi/.m2/repository/ch/qos/logback/logback-core/1.5.6/logback-core-1.5.6.jar:/Users/mortensi/.m2/repository/org/apache/logging/log4j/log4j-to-slf4j/2.23.1/log4j-to-slf4j-2.23.1.jar:/Users/mortensi/.m2/repository/org/apache/logging/log4j/log4j-api/2.23.1/log4j-api-2.23.1.jar:/Users/mortensi/.m2/repository/org/slf4j/jul-to-slf4j/2.0.13/jul-to-slf4j-2.0.13.jar:/Users/mortensi/.m2/repository/jakarta/annotation/jakarta.annotation-api/2.1.1/jakarta.annotation-api-2.1.1.jar:/Users/mortensi/.m2/repository/org/yaml/snakeyaml/2.2/snakeyaml-2.2.jar:/Users/mortensi/.m2/repository/org/thymeleaf/thymeleaf-spring6/3.1.2.RELEASE/thymeleaf-spring6-3.1.2.RELEASE.jar:/Users/mortensi/.m2/repository/org/thymeleaf/thymeleaf/3.1.2.RELEASE/thymeleaf-3.1.2.RELEASE.jar:/Users/mortensi/.m2/repository/org/attoparser/attoparser/2.0.7.RELEASE/attoparser-2.0.7.RELEASE.jar:/Users/mortensi/.m2/repository/org/unbescape/unbescape/1.1.6.RELEASE/unbescape-1.1.6.RELEASE.jar:/Users/mortensi/.m2/repository/org/springframework/boot/spring-boot-starter-test/3.3.2/spring-boot-starter-test-3.3.2.jar:/Users/mortensi/.m2/repository/org/springframework/boot/spring-boot-test/3.3.2/spring-boot-test-3.3.2.jar:/Users/mortensi/.m2/repository/org/springframework/boot/spring-boot-test-autoconfigure/3.3.2/spring-boot-test-autoconfigure-3.3.2.jar:/Users/mortensi/.m2/repository/com/jayway/jsonpath/json-path/2.9.0/json-path-2.9.0.jar:/Users/mortensi/.m2/repository/jakarta/xml/bind/jakarta.xml.bind-api/4.0.2/jakarta.xml.bind-api-4.0.2.jar:/Users/mortensi/.m2/repository/jakarta/activation/jakarta.activation-api/2.1.3/jakarta.activation-api-2.1.3.jar:/Users/mortensi/.m2/repository/net/minidev/json-smart/2.5.1/json-smart-2.5.1.jar:/Users/mortensi/.m2/repository/net/minidev/accessors-smart/2.5.1/accessors-smart-2.5.1.jar:/Users/mortensi/.m2/repository/org/ow2/asm/asm/9.6/asm-9.6.jar:/Users/mortensi/.m2/repository/org/assertj/assertj-core/3.25.3/assertj-core-3.25.3.jar:/Users/mortensi/.m2/repository/net/bytebuddy/byte-buddy/1.14.18/byte-buddy-1.14.18.jar:/Users/mortensi/.m2/repository/org/awaitility/awaitility/4.2.1/awaitility-4.2.1.jar:/Users/mortensi/.m2/repository/org/hamcrest/hamcrest/2.2/hamcrest-2.2.jar:/Users/mortensi/.m2/repository/org/junit/jupiter/junit-jupiter/5.10.3/junit-jupiter-5.10.3.jar:/Users/mortensi/.m2/repository/org/junit/jupiter/junit-jupiter-api/5.10.3/junit-jupiter-api-5.10.3.jar:/Users/mortensi/.m2/repository/org/opentest4j/opentest4j/1.3.0/opentest4j-1.3.0.jar:/Users/mortensi/.m2/repository/org/junit/platform/junit-platform-commons/1.10.3/junit-platform-commons-1.10.3.jar:/Users/mortensi/.m2/repository/org/apiguardian/apiguardian-api/1.1.2/apiguardian-api-1.1.2.jar:/Users/mortensi/.m2/repository/org/junit/jupiter/junit-jupiter-params/5.10.3/junit-jupiter-params-5.10.3.jar:/Users/mortensi/.m2/repository/org/junit/jupiter/junit-jupiter-engine/5.10.3/junit-jupiter-engine-5.10.3.jar:/Users/mortensi/.m2/repository/org/junit/platform/junit-platform-engine/1.10.3/junit-platform-engine-1.10.3.jar:/Users/mortensi/.m2/repository/org/mockito/mockito-core/5.11.0/mockito-core-5.11.0.jar:/Users/mortensi/.m2/repository/net/bytebuddy/byte-buddy-agent/1.14.18/byte-buddy-agent-1.14.18.jar:/Users/mortensi/.m2/repository/org/objenesis/objenesis/3.3/objenesis-3.3.jar:/Users/mortensi/.m2/repository/org/mockito/mockito-junit-jupiter/5.11.0/mockito-junit-jupiter-5.11.0.jar:/Users/mortensi/.m2/repository/org/skyscreamer/jsonassert/1.5.3/jsonassert-1.5.3.jar:/Users/mortensi/.m2/repository/com/vaadin/external/google/android-json/0.0.20131108.vaadin1/android-json-0.0.20131108.vaadin1.jar:/Users/mortensi/.m2/repository/org/springframework/spring-core/6.1.11/spring-core-6.1.11.jar:/Users/mortensi/.m2/repository/org/springframework/spring-jcl/6.1.11/spring-jcl-6.1.11.jar:/Users/mortensi/.m2/repository/org/springframework/spring-test/6.1.11/spring-test-6.1.11.jar:/Users/mortensi/.m2/repository/org/xmlunit/xmlunit-core/2.9.1/xmlunit-core-2.9.1.jar:/Users/mortensi/.m2/repository/org/springframework/boot/spring-boot-starter-web/3.3.2/spring-boot-starter-web-3.3.2.jar:/Users/mortensi/.m2/repository/org/springframework/boot/spring-boot-starter-json/3.3.2/spring-boot-starter-json-3.3.2.jar:/Users/mortensi/.m2/repository/com/fasterxml/jackson/core/jackson-databind/2.17.2/jackson-databind-2.17.2.jar:/Users/mortensi/.m2/repository/com/fasterxml/jackson/core/jackson-annotations/2.17.2/jackson-annotations-2.17.2.jar:/Users/mortensi/.m2/repository/com/fasterxml/jackson/core/jackson-core/2.17.2/jackson-core-2.17.2.jar:/Users/mortensi/.m2/repository/com/fasterxml/jackson/datatype/jackson-datatype-jdk8/2.17.2/jackson-datatype-jdk8-2.17.2.jar:/Users/mortensi/.m2/repository/com/fasterxml/jackson/datatype/jackson-datatype-jsr310/2.17.2/jackson-datatype-jsr310-2.17.2.jar:/Users/mortensi/.m2/repository/com/fasterxml/jackson/module/jackson-module-parameter-names/2.17.2/jackson-module-parameter-names-2.17.2.jar:/Users/mortensi/.m2/repository/org/springframework/boot/spring-boot-starter-tomcat/3.3.2/spring-boot-starter-tomcat-3.3.2.jar:/Users/mortensi/.m2/repository/org/apache/tomcat/embed/tomcat-embed-core/10.1.26/tomcat-embed-core-10.1.26.jar:/Users/mortensi/.m2/repository/org/apache/tomcat/embed/tomcat-embed-el/10.1.26/tomcat-embed-el-10.1.26.jar:/Users/mortensi/.m2/repository/org/apache/tomcat/embed/tomcat-embed-websocket/10.1.26/tomcat-embed-websocket-10.1.26.jar:/Users/mortensi/.m2/repository/org/springframework/spring-web/6.1.11/spring-web-6.1.11.jar:/Users/mortensi/.m2/repository/org/springframework/spring-beans/6.1.11/spring-beans-6.1.11.jar:/Users/mortensi/.m2/repository/io/micrometer/micrometer-observation/1.13.2/micrometer-observation-1.13.2.jar:/Users/mortensi/.m2/repository/io/micrometer/micrometer-commons/1.13.2/micrometer-commons-1.13.2.jar:/Users/mortensi/.m2/repository/org/springframework/spring-webmvc/6.1.11/spring-webmvc-6.1.11.jar:/Users/mortensi/.m2/repository/org/springframework/spring-expression/6.1.11/spring-expression-6.1.11.jar:/Users/mortensi/.m2/repository/org/springframework/session/spring-session-data-redis/3.3.1/spring-session-data-redis-3.3.1.jar:/Users/mortensi/.m2/repository/org/springframework/session/spring-session-core/3.3.1/spring-session-core-3.3.1.jar:/Users/mortensi/.m2/repository/org/springframework/data/spring-data-redis/3.3.2/spring-data-redis-3.3.2.jar:/Users/mortensi/.m2/repository/org/springframework/data/spring-data-keyvalue/3.3.2/spring-data-keyvalue-3.3.2.jar:/Users/mortensi/.m2/repository/org/springframework/data/spring-data-commons/3.3.2/spring-data-commons-3.3.2.jar:/Users/mortensi/.m2/repository/org/springframework/spring-tx/6.1.11/spring-tx-6.1.11.jar:/Users/mortensi/.m2/repository/org/springframework/spring-oxm/6.1.11/spring-oxm-6.1.11.jar:/Users/mortensi/.m2/repository/org/springframework/spring-aop/6.1.11/spring-aop-6.1.11.jar:/Users/mortensi/.m2/repository/org/springframework/spring-context-support/6.1.11/spring-context-support-6.1.11.jar:/Users/mortensi/.m2/repository/org/slf4j/slf4j-api/2.0.13/slf4j-api-2.0.13.jar:/Users/mortensi/.m2/repository/org/springframework/ai/spring-ai-redis-store-spring-boot-starter/1.0.0-M1/spring-ai-redis-store-spring-boot-starter-1.0.0-M1.jar:/Users/mortensi/.m2/repository/org/springframework/ai/spring-ai-spring-boot-autoconfigure/1.0.0-M1/spring-ai-spring-boot-autoconfigure-1.0.0-M1.jar:/Users/mortensi/.m2/repository/com/google/protobuf/protobuf-java/3.25.2/protobuf-java-3.25.2.jar:/Users/mortensi/.m2/repository/io/netty/netty-codec-http2/4.1.111.Final/netty-codec-http2-4.1.111.Final.jar:/Users/mortensi/.m2/repository/io/netty/netty-buffer/4.1.111.Final/netty-buffer-4.1.111.Final.jar:/Users/mortensi/.m2/repository/io/netty/netty-codec/4.1.111.Final/netty-codec-4.1.111.Final.jar:/Users/mortensi/.m2/repository/io/netty/netty-codec-http/4.1.111.Final/netty-codec-http-4.1.111.Final.jar:/Users/mortensi/.m2/repository/org/springframework/ai/spring-ai-redis-store/1.0.0-M1/spring-ai-redis-store-1.0.0-M1.jar:/Users/mortensi/.m2/repository/org/springframework/ai/spring-ai-core/1.0.0-M1/spring-ai-core-1.0.0-M1.jar:/Users/mortensi/.m2/repository/io/swagger/core/v3/swagger-annotations/2.2.20/swagger-annotations-2.2.20.jar:/Users/mortensi/.m2/repository/com/github/victools/jsonschema-module-swagger-2/4.35.0/jsonschema-module-swagger-2-4.35.0.jar:/Users/mortensi/.m2/repository/org/springframework/cloud/spring-cloud-function-context/4.1.1/spring-cloud-function-context-4.1.1.jar:/Users/mortensi/.m2/repository/net/jodah/typetools/0.6.2/typetools-0.6.2.jar:/Users/mortensi/.m2/repository/org/springframework/cloud/spring-cloud-function-core/4.1.1/spring-cloud-function-core-4.1.1.jar:/Users/mortensi/.m2/repository/org/antlr/stringtemplate/4.0.2/stringtemplate-4.0.2.jar:/Users/mortensi/.m2/repository/org/antlr/antlr-runtime/3.3/antlr-runtime-3.3.jar:/Users/mortensi/.m2/repository/org/antlr/antlr4-runtime/4.13.1/antlr4-runtime-4.13.1.jar:/Users/mortensi/.m2/repository/org/springframework/spring-messaging/6.1.11/spring-messaging-6.1.11.jar:/Users/mortensi/.m2/repository/com/github/victools/jsonschema-generator/4.35.0/jsonschema-generator-4.35.0.jar:/Users/mortensi/.m2/repository/com/fasterxml/classmate/1.7.0/classmate-1.7.0.jar:/Users/mortensi/.m2/repository/com/github/victools/jsonschema-module-jackson/4.35.0/jsonschema-module-jackson-4.35.0.jar:/Users/mortensi/.m2/repository/org/springframework/boot/spring-boot-starter-data-redis/3.3.2/spring-boot-starter-data-redis-3.3.2.jar:/Users/mortensi/.m2/repository/io/lettuce/lettuce-core/6.3.2.RELEASE/lettuce-core-6.3.2.RELEASE.jar:/Users/mortensi/.m2/repository/io/netty/netty-common/4.1.111.Final/netty-common-4.1.111.Final.jar:/Users/mortensi/.m2/repository/io/netty/netty-handler/4.1.111.Final/netty-handler-4.1.111.Final.jar:/Users/mortensi/.m2/repository/io/netty/netty-resolver/4.1.111.Final/netty-resolver-4.1.111.Final.jar:/Users/mortensi/.m2/repository/io/netty/netty-transport-native-unix-common/4.1.111.Final/netty-transport-native-unix-common-4.1.111.Final.jar:/Users/mortensi/.m2/repository/io/netty/netty-transport/4.1.111.Final/netty-transport-4.1.111.Final.jar:/Users/mortensi/.m2/repository/io/projectreactor/reactor-core/3.6.8/reactor-core-3.6.8.jar:/Users/mortensi/.m2/repository/org/reactivestreams/reactive-streams/1.0.4/reactive-streams-1.0.4.jar:/Users/mortensi/.m2/repository/dev/langchain4j/langchain4j-open-ai-spring-boot-starter/0.33.0/langchain4j-open-ai-spring-boot-starter-0.33.0.jar:/Users/mortensi/.m2/repository/dev/langchain4j/langchain4j-open-ai/0.33.0/langchain4j-open-ai-0.33.0.jar:/Users/mortensi/.m2/repository/dev/ai4j/openai4j/0.17.0/openai4j-0.17.0.jar:/Users/mortensi/.m2/repository/com/squareup/retrofit2/retrofit/2.9.0/retrofit-2.9.0.jar:/Users/mortensi/.m2/repository/com/squareup/retrofit2/converter-gson/2.9.0/converter-gson-2.9.0.jar:/Users/mortensi/.m2/repository/com/squareup/okhttp3/okhttp/4.12.0/okhttp-4.12.0.jar:/Users/mortensi/.m2/repository/com/squareup/okio/okio/3.6.0/okio-3.6.0.jar:/Users/mortensi/.m2/repository/com/squareup/okio/okio-jvm/3.6.0/okio-jvm-3.6.0.jar:/Users/mortensi/.m2/repository/org/jetbrains/kotlin/kotlin-stdlib-common/1.9.24/kotlin-stdlib-common-1.9.24.jar:/Users/mortensi/.m2/repository/org/jetbrains/kotlin/kotlin-stdlib-jdk8/1.9.24/kotlin-stdlib-jdk8-1.9.24.jar:/Users/mortensi/.m2/repository/org/jetbrains/kotlin/kotlin-stdlib/1.9.24/kotlin-stdlib-1.9.24.jar:/Users/mortensi/.m2/repository/org/jetbrains/annotations/13.0/annotations-13.0.jar:/Users/mortensi/.m2/repository/org/jetbrains/kotlin/kotlin-stdlib-jdk7/1.9.24/kotlin-stdlib-jdk7-1.9.24.jar:/Users/mortensi/.m2/repository/com/squareup/okhttp3/okhttp-sse/4.12.0/okhttp-sse-4.12.0.jar:/Users/mortensi/.m2/repository/com/knuddels/jtokkit/1.1.0/jtokkit-1.1.0.jar:/Users/mortensi/.m2/repository/dev/langchain4j/langchain4j/0.33.0/langchain4j-0.33.0.jar:/Users/mortensi/.m2/repository/dev/langchain4j/langchain4j-core/0.33.0/langchain4j-core-0.33.0.jar:/Users/mortensi/.m2/repository/org/apache/opennlp/opennlp-tools/1.9.4/opennlp-tools-1.9.4.jar:/Users/mortensi/.m2/repository/org/jsoup/jsoup/1.16.1/jsoup-1.16.1.jar:/Users/mortensi/.m2/repository/dev/langchain4j/langchain4j-redis/0.33.0/langchain4j-redis-0.33.0.jar:/Users/mortensi/.m2/repository/redis/clients/jedis/5.1.4/jedis-5.1.4.jar:/Users/mortensi/.m2/repository/org/apache/commons/commons-pool2/2.12.0/commons-pool2-2.12.0.jar:/Users/mortensi/.m2/repository/org/json/json/20231013/json-20231013.jar:/Users/mortensi/.m2/repository/com/google/code/gson/gson/2.10.1/gson-2.10.1.jar:/Users/mortensi/.m2/repository/com/opencsv/opencsv/5.5.2/opencsv-5.5.2.jar:/Users/mortensi/.m2/repository/org/apache/commons/commons-lang3/3.14.0/commons-lang3-3.14.0.jar:/Users/mortensi/.m2/repository/org/apache/commons/commons-text/1.9/commons-text-1.9.jar:/Users/mortensi/.m2/repository/commons-beanutils/commons-beanutils/1.9.4/commons-beanutils-1.9.4.jar:/Users/mortensi/.m2/repository/commons-logging/commons-logging/1.2/commons-logging-1.2.jar:/Users/mortensi/.m2/repository/commons-collections/commons-collections/3.2.2/commons-collections-3.2.2.jar:/Users/mortensi/.m2/repository/org/apache/commons/commons-collections4/4.4/commons-collections4-4.4.jar:"/>
    <property name="sun.cpu.endian" value="little"/>
    <property name="user.home" value="/Users/mortensi"/>
    <property name="user.language" value="en"/>
    <property name="java.specification.vendor" value="Oracle Corporation"/>
    <property name="java.version.date" value="2024-07-16"/>
    <property name="java.home" value="/opt/homebrew/Cellar/openjdk/22.0.2/libexec/openjdk.jdk/Contents/Home"/>
    <property name="file.separator" value="/"/>
    <property name="basedir" value="/Users/mortensi/workspace/jpilot"/>
    <property name="java.vm.compressedOopsMode" value="Zero based"/>
    <property name="line.separator" value="&#10;"/>
    <property name="java.vm.specification.vendor" value="Oracle Corporation"/>
    <property name="java.specification.name" value="Java Platform API Specification"/>
    <property name="FILE_LOG_CHARSET" value="UTF-8"/>
    <property name="java.awt.headless" value="true"/>
    <property name="apple.awt.application.name" value="ForkedBooter"/>
    <property name="surefire.real.class.path" value="/Users/mortensi/workspace/jpilot/target/surefire/surefirebooter-20240915133250089_3.jar"/>
    <property name="sun.management.compiler" value="HotSpot 64-Bit Tiered Compilers"/>
    <property name="java.runtime.version" value="22.0.2"/>
    <property name="user.name" value="mortensi"/>
    <property name="stdout.encoding" value="UTF-8"/>
    <property name="path.separator" value=":"/>
    <property name="os.version" value="13.6.9"/>
    <property name="java.runtime.name" value="OpenJDK Runtime Environment"/>
    <property name="file.encoding" value="UTF-8"/>
    <property name="java.vm.name" value="OpenJDK 64-Bit Server VM"/>
    <property name="java.vendor.version" value="Homebrew"/>
    <property name="localRepository" value="/Users/mortensi/.m2/repository"/>
    <property name="java.vendor.url.bug" value="https://github.com/Homebrew/homebrew-core/issues"/>
    <property name="java.io.tmpdir" value="/var/folders/sq/whxv5gfn6bqbnf_q0p90f5240000gn/T/"/>
    <property name="java.version" value="22.0.2"/>
    <property name="user.dir" value="/Users/mortensi/workspace/jpilot"/>
    <property name="os.arch" value="aarch64"/>
    <property name="java.vm.specification.name" value="Java Virtual Machine Specification"/>
    <property name="PID" value="17774"/>
    <property name="CONSOLE_LOG_CHARSET" value="UTF-8"/>
    <property name="native.encoding" value="UTF-8"/>
    <property name="java.library.path" value="/Users/mortensi/Library/Java/Extensions:/Library/Java/Extensions:/Network/Library/Java/Extensions:/System/Library/Java/Extensions:/usr/lib/java:."/>
    <property name="java.vm.info" value="mixed mode, sharing"/>
    <property name="stderr.encoding" value="UTF-8"/>
    <property name="java.vendor" value="Homebrew"/>
    <property name="java.vm.version" value="22.0.2"/>
    <property name="sun.io.unicode.encoding" value="UnicodeBig"/>
    <property name="java.class.version" value="66.0"/>
    <property name="LOGGED_APPLICATION_NAME" value="[jpilot] "/>
  </properties>
  <testcase name="contextLoads" classname="com.redis.jpilot.JpilotApplicationTests" time="0.003">
    <error message="Failed to load ApplicationContext for [WebMergedContextConfiguration@5e99b9c testClass = com.redis.jpilot.JpilotApplicationTests, locations = [], classes = [com.redis.jpilot.JpilotApplication], contextInitializerClasses = [], activeProfiles = [], propertySourceDescriptors = [], propertySourceProperties = [&quot;org.springframework.boot.test.context.SpringBootTestContextBootstrapper=true&quot;], contextCustomizers = [org.springframework.boot.test.context.filter.ExcludeFilterContextCustomizer@4dc27487, org.springframework.boot.test.json.DuplicateJsonObjectContextCustomizerFactory$DuplicateJsonObjectContextCustomizer@6933b6c6, org.springframework.boot.test.mock.mockito.MockitoContextCustomizer@0, org.springframework.boot.test.web.client.TestRestTemplateContextCustomizer@1e4f4a5c, org.springframework.boot.test.web.reactor.netty.DisableReactorResourceFactoryGlobalResourcesContextCustomizerFactory$DisableReactorResourceFactoryGlobalResourcesContextCustomizerCustomizer@9816741, org.springframework.boot.test.autoconfigure.actuate.observability.ObservabilityContextCustomizerFactory$DisableObservabilityContextCustomizer@1f, org.springframework.boot.test.autoconfigure.properties.PropertyMappingContextCustomizer@0, org.springframework.boot.test.autoconfigure.web.servlet.WebDriverContextCustomizer@18f8cd79, org.springframework.boot.test.context.SpringBootTestAnnotation@f38fb3a6], resourceBasePath = &quot;src/main/webapp&quot;, contextLoader = org.springframework.boot.test.context.SpringBootContextLoader, parent = null]" type="java.lang.IllegalStateException"><![CDATA[java.lang.IllegalStateException: Failed to load ApplicationContext for [WebMergedContextConfiguration@5e99b9c testClass = com.redis.jpilot.JpilotApplicationTests, locations = [], classes = [com.redis.jpilot.JpilotApplication], contextInitializerClasses = [], activeProfiles = [], propertySourceDescriptors = [], propertySourceProperties = ["org.springframework.boot.test.context.SpringBootTestContextBootstrapper=true"], contextCustomizers = [org.springframework.boot.test.context.filter.ExcludeFilterContextCustomizer@4dc27487, org.springframework.boot.test.json.DuplicateJsonObjectContextCustomizerFactory$DuplicateJsonObjectContextCustomizer@6933b6c6, org.springframework.boot.test.mock.mockito.MockitoContextCustomizer@0, org.springframework.boot.test.web.client.TestRestTemplateContextCustomizer@1e4f4a5c, org.springframework.boot.test.web.reactor.netty.DisableReactorResourceFactoryGlobalResourcesContextCustomizerFactory$DisableReactorResourceFactoryGlobalResourcesContextCustomizerCustomizer@9816741, org.springframework.boot.test.autoconfigure.actuate.observability.ObservabilityContextCustomizerFactory$DisableObservabilityContextCustomizer@1f, org.springframework.boot.test.autoconfigure.properties.PropertyMappingContextCustomizer@0, org.springframework.boot.test.autoconfigure.web.servlet.WebDriverContextCustomizer@18f8cd79, org.springframework.boot.test.context.SpringBootTestAnnotation@f38fb3a6], resourceBasePath = "src/main/webapp", contextLoader = org.springframework.boot.test.context.SpringBootContextLoader, parent = null]
	at org.springframework.test.context.cache.DefaultCacheAwareContextLoaderDelegate.loadContext(DefaultCacheAwareContextLoaderDelegate.java:180)
	at org.springframework.test.context.support.DefaultTestContext.getApplicationContext(DefaultTestContext.java:130)
	at org.springframework.test.context.web.ServletTestExecutionListener.setUpRequestContextIfNecessary(ServletTestExecutionListener.java:191)
	at org.springframework.test.context.web.ServletTestExecutionListener.prepareTestInstance(ServletTestExecutionListener.java:130)
	at org.springframework.test.context.TestContextManager.prepareTestInstance(TestContextManager.java:260)
	at org.springframework.test.context.junit.jupiter.SpringExtension.postProcessTestInstance(SpringExtension.java:163)
	at java.base/java.util.stream.ReferencePipeline$3$1.accept(ReferencePipeline.java:212)
	at java.base/java.util.stream.ReferencePipeline$2$1.accept(ReferencePipeline.java:194)
	at java.base/java.util.ArrayList$ArrayListSpliterator.forEachRemaining(ArrayList.java:1709)
	at java.base/java.util.stream.AbstractPipeline.copyInto(AbstractPipeline.java:556)
	at java.base/java.util.stream.AbstractPipeline.wrapAndCopyInto(AbstractPipeline.java:546)
	at java.base/java.util.stream.StreamSpliterators$WrappingSpliterator.forEachRemaining(StreamSpliterators.java:310)
	at java.base/java.util.stream.Streams$ConcatSpliterator.forEachRemaining(Streams.java:735)
	at java.base/java.util.stream.Streams$ConcatSpliterator.forEachRemaining(Streams.java:734)
	at java.base/java.util.stream.ReferencePipeline$Head.forEach(ReferencePipeline.java:782)
	at java.base/java.util.Optional.orElseGet(Optional.java:364)
	at java.base/java.util.ArrayList.forEach(ArrayList.java:1597)
	at java.base/java.util.ArrayList.forEach(ArrayList.java:1597)
Caused by: java.lang.IllegalStateException: Error processing condition on dev.langchain4j.openai.spring.AutoConfig.openAiChatModel
	at org.springframework.boot.autoconfigure.condition.SpringBootCondition.matches(SpringBootCondition.java:60)
	at org.springframework.context.annotation.ConditionEvaluator.shouldSkip(ConditionEvaluator.java:108)
	at org.springframework.context.annotation.ConfigurationClassBeanDefinitionReader.loadBeanDefinitionsForBeanMethod(ConfigurationClassBeanDefinitionReader.java:183)
	at org.springframework.context.annotation.ConfigurationClassBeanDefinitionReader.loadBeanDefinitionsForConfigurationClass(ConfigurationClassBeanDefinitionReader.java:144)
	at org.springframework.context.annotation.ConfigurationClassBeanDefinitionReader.loadBeanDefinitions(ConfigurationClassBeanDefinitionReader.java:120)
	at org.springframework.context.annotation.ConfigurationClassPostProcessor.processConfigBeanDefinitions(ConfigurationClassPostProcessor.java:429)
	at org.springframework.context.annotation.ConfigurationClassPostProcessor.postProcessBeanDefinitionRegistry(ConfigurationClassPostProcessor.java:290)
	at org.springframework.context.support.PostProcessorRegistrationDelegate.invokeBeanDefinitionRegistryPostProcessors(PostProcessorRegistrationDelegate.java:349)
	at org.springframework.context.support.PostProcessorRegistrationDelegate.invokeBeanFactoryPostProcessors(PostProcessorRegistrationDelegate.java:118)
	at org.springframework.context.support.AbstractApplicationContext.invokeBeanFactoryPostProcessors(AbstractApplicationContext.java:789)
	at org.springframework.context.support.AbstractApplicationContext.refresh(AbstractApplicationContext.java:607)
	at org.springframework.boot.SpringApplication.refresh(SpringApplication.java:754)
	at org.springframework.boot.SpringApplication.refreshContext(SpringApplication.java:456)
	at org.springframework.boot.SpringApplication.run(SpringApplication.java:335)
	at org.springframework.boot.test.context.SpringBootContextLoader.lambda$loadContext$3(SpringBootContextLoader.java:137)
	at org.springframework.util.function.ThrowingSupplier.get(ThrowingSupplier.java:58)
	at org.springframework.util.function.ThrowingSupplier.get(ThrowingSupplier.java:46)
	at org.springframework.boot.SpringApplication.withHook(SpringApplication.java:1463)
	at org.springframework.boot.test.context.SpringBootContextLoader$ContextLoaderHook.run(SpringBootContextLoader.java:553)
	at org.springframework.boot.test.context.SpringBootContextLoader.loadContext(SpringBootContextLoader.java:137)
	at org.springframework.boot.test.context.SpringBootContextLoader.loadContext(SpringBootContextLoader.java:108)
	at org.springframework.test.context.cache.DefaultCacheAwareContextLoaderDelegate.loadContextInternal(DefaultCacheAwareContextLoaderDelegate.java:225)
	at org.springframework.test.context.cache.DefaultCacheAwareContextLoaderDelegate.loadContext(DefaultCacheAwareContextLoaderDelegate.java:152)
	... 17 more
Caused by: java.lang.IllegalArgumentException: Could not resolve placeholder 'OPENAI_API_KEY' in value "${OPENAI_API_KEY}"
	at org.springframework.util.PropertyPlaceholderHelper.parseStringValue(PropertyPlaceholderHelper.java:180)
	at org.springframework.util.PropertyPlaceholderHelper.replacePlaceholders(PropertyPlaceholderHelper.java:126)
	at org.springframework.core.env.AbstractPropertyResolver.doResolvePlaceholders(AbstractPropertyResolver.java:239)
	at org.springframework.core.env.AbstractPropertyResolver.resolveRequiredPlaceholders(AbstractPropertyResolver.java:210)
	at org.springframework.core.env.AbstractPropertyResolver.resolveNestedPlaceholders(AbstractPropertyResolver.java:230)
	at org.springframework.boot.context.properties.source.ConfigurationPropertySourcesPropertyResolver.getProperty(ConfigurationPropertySourcesPropertyResolver.java:80)
	at org.springframework.boot.context.properties.source.ConfigurationPropertySourcesPropertyResolver.getProperty(ConfigurationPropertySourcesPropertyResolver.java:61)
	at org.springframework.core.env.AbstractEnvironment.getProperty(AbstractEnvironment.java:552)
	at org.springframework.boot.autoconfigure.condition.OnPropertyCondition$Spec.collectProperties(OnPropertyCondition.java:121)
	at org.springframework.boot.autoconfigure.condition.OnPropertyCondition.determineOutcome(OnPropertyCondition.java:71)
	at org.springframework.boot.autoconfigure.condition.OnPropertyCondition.getMatchOutcome(OnPropertyCondition.java:58)
	at org.springframework.boot.autoconfigure.condition.SpringBootCondition.matches(SpringBootCondition.java:47)
	... 39 more
]]></error>
    <system-out><![CDATA[13:32:51.249 [main] INFO org.springframework.test.context.support.AnnotationConfigContextLoaderUtils -- Could not detect default configuration classes for test class [com.redis.jpilot.JpilotApplicationTests]: JpilotApplicationTests does not declare any static, non-private, non-final, nested classes annotated with @Configuration.
13:32:51.315 [main] INFO org.springframework.boot.test.context.SpringBootTestContextBootstrapper -- Found @SpringBootConfiguration com.redis.jpilot.JpilotApplication for test class com.redis.jpilot.JpilotApplicationTests
13:32:51.399 [main] INFO org.springframework.boot.devtools.restart.RestartApplicationListener -- Restart disabled due to context in which it is running
13:32:51,173 |-INFO in ch.qos.logback.classic.LoggerContext[default] - This is logback-classic version 1.5.6
13:32:51,174 |-INFO in ch.qos.logback.classic.util.ContextInitializer@78830d9a - Here is a list of configurators discovered as a service, by rank: 
13:32:51,175 |-INFO in ch.qos.logback.classic.util.ContextInitializer@78830d9a -   org.springframework.boot.logging.logback.RootLogLevelConfigurator
13:32:51,175 |-INFO in ch.qos.logback.classic.util.ContextInitializer@78830d9a - They will be invoked in order until ExecutionStatus.DO_NOT_INVOKE_NEXT_IF_ANY is returned.
13:32:51,175 |-INFO in ch.qos.logback.classic.util.ContextInitializer@78830d9a - Constructed configurator of type class org.springframework.boot.logging.logback.RootLogLevelConfigurator
13:32:51,179 |-INFO in ch.qos.logback.classic.util.ContextInitializer@78830d9a - org.springframework.boot.logging.logback.RootLogLevelConfigurator.configure() call lasted 0 milliseconds. ExecutionStatus=INVOKE_NEXT_IF_ANY
13:32:51,179 |-INFO in ch.qos.logback.classic.util.ContextInitializer@78830d9a - Trying to configure with ch.qos.logback.classic.joran.SerializedModelConfigurator
13:32:51,179 |-INFO in ch.qos.logback.classic.util.ContextInitializer@78830d9a - Constructed configurator of type class ch.qos.logback.classic.joran.SerializedModelConfigurator
13:32:51,181 |-INFO in ch.qos.logback.classic.LoggerContext[default] - Could NOT find resource [logback-test.scmo]
13:32:51,181 |-INFO in ch.qos.logback.classic.LoggerContext[default] - Could NOT find resource [logback.scmo]
13:32:51,181 |-INFO in ch.qos.logback.classic.util.ContextInitializer@78830d9a - ch.qos.logback.classic.joran.SerializedModelConfigurator.configure() call lasted 2 milliseconds. ExecutionStatus=INVOKE_NEXT_IF_ANY
13:32:51,181 |-INFO in ch.qos.logback.classic.util.ContextInitializer@78830d9a - Trying to configure with ch.qos.logback.classic.util.DefaultJoranConfigurator
13:32:51,181 |-INFO in ch.qos.logback.classic.util.ContextInitializer@78830d9a - Constructed configurator of type class ch.qos.logback.classic.util.DefaultJoranConfigurator
13:32:51,181 |-INFO in ch.qos.logback.classic.LoggerContext[default] - Could NOT find resource [logback-test.xml]
13:32:51,182 |-INFO in ch.qos.logback.classic.LoggerContext[default] - Could NOT find resource [logback.xml]
13:32:51,182 |-INFO in ch.qos.logback.classic.util.ContextInitializer@78830d9a - ch.qos.logback.classic.util.DefaultJoranConfigurator.configure() call lasted 1 milliseconds. ExecutionStatus=INVOKE_NEXT_IF_ANY
13:32:51,182 |-INFO in ch.qos.logback.classic.util.ContextInitializer@78830d9a - Trying to configure with ch.qos.logback.classic.BasicConfigurator
13:32:51,182 |-INFO in ch.qos.logback.classic.util.ContextInitializer@78830d9a - Constructed configurator of type class ch.qos.logback.classic.BasicConfigurator
13:32:51,182 |-INFO in ch.qos.logback.classic.BasicConfigurator@5ce4369b - Setting up default configuration.
13:32:51,194 |-INFO in ch.qos.logback.classic.util.ContextInitializer@78830d9a - ch.qos.logback.classic.BasicConfigurator.configure() call lasted 12 milliseconds. ExecutionStatus=NEUTRAL
13:32:51,536 |-INFO in ch.qos.logback.core.model.processor.AppenderModelHandler - Processing appender named [CONSOLE]
13:32:51,536 |-INFO in ch.qos.logback.core.model.processor.AppenderModelHandler - About to instantiate appender of type [ch.qos.logback.core.ConsoleAppender]
13:32:51,537 |-INFO in ch.qos.logback.core.model.processor.ImplicitModelHandler - Assuming default type [ch.qos.logback.classic.encoder.PatternLayoutEncoder] for [encoder] property
13:32:51,545 |-INFO in ch.qos.logback.core.model.processor.AppenderModelHandler - Processing appender named [REDIS]
13:32:51,545 |-INFO in ch.qos.logback.core.model.processor.AppenderModelHandler - About to instantiate appender of type [com.redis.jpilot.utils.RedisStreamAppender]
13:32:51,546 |-WARN in ch.qos.logback.core.model.processor.ImplicitModelHandler - Ignoring unknown property [redisHost] in [com.redis.jpilot.utils.RedisStreamAppender]
13:32:51,546 |-WARN in ch.qos.logback.core.model.processor.ImplicitModelHandler - Ignoring unknown property [redisPort] in [com.redis.jpilot.utils.RedisStreamAppender]
13:32:51,546 |-WARN in ch.qos.logback.core.model.processor.ImplicitModelHandler - Ignoring unknown property [streamName] in [com.redis.jpilot.utils.RedisStreamAppender]
13:32:51,655 |-INFO in ch.qos.logback.classic.model.processor.RootLoggerModelHandler - Setting level of ROOT logger to INFO
13:32:51,655 |-INFO in ch.qos.logback.classic.jul.LevelChangePropagator@7f829c76 - Propagating INFO level on Logger[ROOT] onto the JUL framework
13:32:51,655 |-INFO in ch.qos.logback.core.model.processor.AppenderRefModelHandler - Attaching appender named [CONSOLE] to Logger[ROOT]
13:32:51,655 |-INFO in ch.qos.logback.classic.model.processor.LoggerModelHandler - Setting level of logger [com.redis.jpilot] to WARN
13:32:51,655 |-INFO in ch.qos.logback.classic.jul.LevelChangePropagator@7f829c76 - Propagating WARN level on Logger[com.redis.jpilot] onto the JUL framework
13:32:51,656 |-INFO in ch.qos.logback.classic.model.processor.LoggerModelHandler - Setting additivity of logger [com.redis.jpilot] to false
13:32:51,656 |-INFO in ch.qos.logback.core.model.processor.AppenderRefModelHandler - Attaching appender named [REDIS] to Logger[com.redis.jpilot]
13:32:51,656 |-INFO in ch.qos.logback.core.model.processor.DefaultProcessor@1cb19dba - End of configuration.
13:32:51,656 |-INFO in org.springframework.boot.logging.logback.SpringBootJoranConfigurator@7c3ebc6b - Registering current configuration as safe fallback point


  .   ____          _            __ _ _
 /\\ / ___'_ __ _ _(_)_ __  __ _ \ \ \ \
( ( )\___ | '_ | '_| | '_ \/ _` | \ \ \ \
 \\/  ___)| |_)| | | | | || (_| |  ) ) ) )
  '  |____| .__|_| |_|_| |_\__, | / / / /
 =========|_|==============|___/=/_/_/_/

 :: Spring Boot ::                (v3.3.2)

2024-09-15 13:32:51 WARN  [main] o.s.b.t.j.DuplicateJsonObjectContextCustomizerFactory$DuplicateJsonObjectContextCustomizer - 

Found multiple occurrences of org.json.JSONObject on the class path:

	jar:file:/Users/mortensi/.m2/repository/com/vaadin/external/google/android-json/0.0.20131108.vaadin1/android-json-0.0.20131108.vaadin1.jar!/org/json/JSONObject.class
	jar:file:/Users/mortensi/.m2/repository/org/json/json/20231013/json-20231013.jar!/org/json/JSONObject.class

You may wish to exclude one of them to ensure predictable runtime behavior

2024-09-15 13:32:52 WARN  [main] o.s.w.c.s.GenericWebApplicationContext - Exception encountered during context initialization - cancelling refresh attempt: java.lang.IllegalStateException: Error processing condition on dev.langchain4j.openai.spring.AutoConfig.openAiChatModel
2024-09-15 13:32:52 INFO  [main] o.s.b.a.l.ConditionEvaluationReportLogger - 

Error starting ApplicationContext. To display the condition evaluation report re-run your application with 'debug' enabled.
2024-09-15 13:32:52 ERROR [main] o.s.boot.SpringApplication - Application run failed
java.lang.IllegalStateException: Error processing condition on dev.langchain4j.openai.spring.AutoConfig.openAiChatModel
	at org.springframework.boot.autoconfigure.condition.SpringBootCondition.matches(SpringBootCondition.java:60)
	at org.springframework.context.annotation.ConditionEvaluator.shouldSkip(ConditionEvaluator.java:108)
	at org.springframework.context.annotation.ConfigurationClassBeanDefinitionReader.loadBeanDefinitionsForBeanMethod(ConfigurationClassBeanDefinitionReader.java:183)
	at org.springframework.context.annotation.ConfigurationClassBeanDefinitionReader.loadBeanDefinitionsForConfigurationClass(ConfigurationClassBeanDefinitionReader.java:144)
	at org.springframework.context.annotation.ConfigurationClassBeanDefinitionReader.loadBeanDefinitions(ConfigurationClassBeanDefinitionReader.java:120)
	at org.springframework.context.annotation.ConfigurationClassPostProcessor.processConfigBeanDefinitions(ConfigurationClassPostProcessor.java:429)
	at org.springframework.context.annotation.ConfigurationClassPostProcessor.postProcessBeanDefinitionRegistry(ConfigurationClassPostProcessor.java:290)
	at org.springframework.context.support.PostProcessorRegistrationDelegate.invokeBeanDefinitionRegistryPostProcessors(PostProcessorRegistrationDelegate.java:349)
	at org.springframework.context.support.PostProcessorRegistrationDelegate.invokeBeanFactoryPostProcessors(PostProcessorRegistrationDelegate.java:118)
	at org.springframework.context.support.AbstractApplicationContext.invokeBeanFactoryPostProcessors(AbstractApplicationContext.java:789)
	at org.springframework.context.support.AbstractApplicationContext.refresh(AbstractApplicationContext.java:607)
	at org.springframework.boot.SpringApplication.refresh(SpringApplication.java:754)
	at org.springframework.boot.SpringApplication.refreshContext(SpringApplication.java:456)
	at org.springframework.boot.SpringApplication.run(SpringApplication.java:335)
	at org.springframework.boot.test.context.SpringBootContextLoader.lambda$loadContext$3(SpringBootContextLoader.java:137)
	at org.springframework.util.function.ThrowingSupplier.get(ThrowingSupplier.java:58)
	at org.springframework.util.function.ThrowingSupplier.get(ThrowingSupplier.java:46)
	at org.springframework.boot.SpringApplication.withHook(SpringApplication.java:1463)
	at org.springframework.boot.test.context.SpringBootContextLoader$ContextLoaderHook.run(SpringBootContextLoader.java:553)
	at org.springframework.boot.test.context.SpringBootContextLoader.loadContext(SpringBootContextLoader.java:137)
	at org.springframework.boot.test.context.SpringBootContextLoader.loadContext(SpringBootContextLoader.java:108)
	at org.springframework.test.context.cache.DefaultCacheAwareContextLoaderDelegate.loadContextInternal(DefaultCacheAwareContextLoaderDelegate.java:225)
	at org.springframework.test.context.cache.DefaultCacheAwareContextLoaderDelegate.loadContext(DefaultCacheAwareContextLoaderDelegate.java:152)
	at org.springframework.test.context.support.DefaultTestContext.getApplicationContext(DefaultTestContext.java:130)
	at org.springframework.test.context.web.ServletTestExecutionListener.setUpRequestContextIfNecessary(ServletTestExecutionListener.java:191)
	at org.springframework.test.context.web.ServletTestExecutionListener.prepareTestInstance(ServletTestExecutionListener.java:130)
	at org.springframework.test.context.TestContextManager.prepareTestInstance(TestContextManager.java:260)
	at org.springframework.test.context.junit.jupiter.SpringExtension.postProcessTestInstance(SpringExtension.java:163)
	at org.junit.jupiter.engine.descriptor.ClassBasedTestDescriptor.lambda$invokeTestInstancePostProcessors$10(ClassBasedTestDescriptor.java:378)
	at org.junit.jupiter.engine.descriptor.ClassBasedTestDescriptor.executeAndMaskThrowable(ClassBasedTestDescriptor.java:383)
	at org.junit.jupiter.engine.descriptor.ClassBasedTestDescriptor.lambda$invokeTestInstancePostProcessors$11(ClassBasedTestDescriptor.java:378)
	at java.base/java.util.stream.ReferencePipeline$3$1.accept(ReferencePipeline.java:212)
	at java.base/java.util.stream.ReferencePipeline$2$1.accept(ReferencePipeline.java:194)
	at java.base/java.util.ArrayList$ArrayListSpliterator.forEachRemaining(ArrayList.java:1709)
	at java.base/java.util.stream.AbstractPipeline.copyInto(AbstractPipeline.java:556)
	at java.base/java.util.stream.AbstractPipeline.wrapAndCopyInto(AbstractPipeline.java:546)
	at java.base/java.util.stream.StreamSpliterators$WrappingSpliterator.forEachRemaining(StreamSpliterators.java:310)
	at java.base/java.util.stream.Streams$ConcatSpliterator.forEachRemaining(Streams.java:735)
	at java.base/java.util.stream.Streams$ConcatSpliterator.forEachRemaining(Streams.java:734)
	at java.base/java.util.stream.ReferencePipeline$Head.forEach(ReferencePipeline.java:782)
	at org.junit.jupiter.engine.descriptor.ClassBasedTestDescriptor.invokeTestInstancePostProcessors(ClassBasedTestDescriptor.java:377)
	at org.junit.jupiter.engine.descriptor.ClassBasedTestDescriptor.lambda$instantiateAndPostProcessTestInstance$6(ClassBasedTestDescriptor.java:290)
	at org.junit.platform.engine.support.hierarchical.ThrowableCollector.execute(ThrowableCollector.java:73)
	at org.junit.jupiter.engine.descriptor.ClassBasedTestDescriptor.instantiateAndPostProcessTestInstance(ClassBasedTestDescriptor.java:289)
	at org.junit.jupiter.engine.descriptor.ClassBasedTestDescriptor.lambda$testInstancesProvider$4(ClassBasedTestDescriptor.java:279)
	at java.base/java.util.Optional.orElseGet(Optional.java:364)
	at org.junit.jupiter.engine.descriptor.ClassBasedTestDescriptor.lambda$testInstancesProvider$5(ClassBasedTestDescriptor.java:278)
	at org.junit.jupiter.engine.execution.TestInstancesProvider.getTestInstances(TestInstancesProvider.java:31)
	at org.junit.jupiter.engine.descriptor.TestMethodTestDescriptor.lambda$prepare$0(TestMethodTestDescriptor.java:106)
	at org.junit.platform.engine.support.hierarchical.ThrowableCollector.execute(ThrowableCollector.java:73)
	at org.junit.jupiter.engine.descriptor.TestMethodTestDescriptor.prepare(TestMethodTestDescriptor.java:105)
	at org.junit.jupiter.engine.descriptor.TestMethodTestDescriptor.prepare(TestMethodTestDescriptor.java:69)
	at org.junit.platform.engine.support.hierarchical.NodeTestTask.lambda$prepare$2(NodeTestTask.java:123)
	at org.junit.platform.engine.support.hierarchical.ThrowableCollector.execute(ThrowableCollector.java:73)
	at org.junit.platform.engine.support.hierarchical.NodeTestTask.prepare(NodeTestTask.java:123)
	at org.junit.platform.engine.support.hierarchical.NodeTestTask.execute(NodeTestTask.java:90)
	at java.base/java.util.ArrayList.forEach(ArrayList.java:1597)
	at org.junit.platform.engine.support.hierarchical.SameThreadHierarchicalTestExecutorService.invokeAll(SameThreadHierarchicalTestExecutorService.java:41)
	at org.junit.platform.engine.support.hierarchical.NodeTestTask.lambda$executeRecursively$6(NodeTestTask.java:155)
	at org.junit.platform.engine.support.hierarchical.ThrowableCollector.execute(ThrowableCollector.java:73)
	at org.junit.platform.engine.support.hierarchical.NodeTestTask.lambda$executeRecursively$8(NodeTestTask.java:141)
	at org.junit.platform.engine.support.hierarchical.Node.around(Node.java:137)
	at org.junit.platform.engine.support.hierarchical.NodeTestTask.lambda$executeRecursively$9(NodeTestTask.java:139)
	at org.junit.platform.engine.support.hierarchical.ThrowableCollector.execute(ThrowableCollector.java:73)
	at org.junit.platform.engine.support.hierarchical.NodeTestTask.executeRecursively(NodeTestTask.java:138)
	at org.junit.platform.engine.support.hierarchical.NodeTestTask.execute(NodeTestTask.java:95)
	at java.base/java.util.ArrayList.forEach(ArrayList.java:1597)
	at org.junit.platform.engine.support.hierarchical.SameThreadHierarchicalTestExecutorService.invokeAll(SameThreadHierarchicalTestExecutorService.java:41)
	at org.junit.platform.engine.support.hierarchical.NodeTestTask.lambda$executeRecursively$6(NodeTestTask.java:155)
	at org.junit.platform.engine.support.hierarchical.ThrowableCollector.execute(ThrowableCollector.java:73)
	at org.junit.platform.engine.support.hierarchical.NodeTestTask.lambda$executeRecursively$8(NodeTestTask.java:141)
	at org.junit.platform.engine.support.hierarchical.Node.around(Node.java:137)
	at org.junit.platform.engine.support.hierarchical.NodeTestTask.lambda$executeRecursively$9(NodeTestTask.java:139)
	at org.junit.platform.engine.support.hierarchical.ThrowableCollector.execute(ThrowableCollector.java:73)
	at org.junit.platform.engine.support.hierarchical.NodeTestTask.executeRecursively(NodeTestTask.java:138)
	at org.junit.platform.engine.support.hierarchical.NodeTestTask.execute(NodeTestTask.java:95)
	at org.junit.platform.engine.support.hierarchical.SameThreadHierarchicalTestExecutorService.submit(SameThreadHierarchicalTestExecutorService.java:35)
	at org.junit.platform.engine.support.hierarchical.HierarchicalTestExecutor.execute(HierarchicalTestExecutor.java:57)
	at org.junit.platform.engine.support.hierarchical.HierarchicalTestEngine.execute(HierarchicalTestEngine.java:54)
	at org.junit.platform.launcher.core.EngineExecutionOrchestrator.execute(EngineExecutionOrchestrator.java:198)
	at org.junit.platform.launcher.core.EngineExecutionOrchestrator.execute(EngineExecutionOrchestrator.java:169)
	at org.junit.platform.launcher.core.EngineExecutionOrchestrator.execute(EngineExecutionOrchestrator.java:93)
	at org.junit.platform.launcher.core.EngineExecutionOrchestrator.lambda$execute$0(EngineExecutionOrchestrator.java:58)
	at org.junit.platform.launcher.core.EngineExecutionOrchestrator.withInterceptedStreams(EngineExecutionOrchestrator.java:141)
	at org.junit.platform.launcher.core.EngineExecutionOrchestrator.execute(EngineExecutionOrchestrator.java:57)
	at org.junit.platform.launcher.core.DefaultLauncher.execute(DefaultLauncher.java:103)
	at org.junit.platform.launcher.core.DefaultLauncher.execute(DefaultLauncher.java:85)
	at org.junit.platform.launcher.core.DelegatingLauncher.execute(DelegatingLauncher.java:47)
	at org.apache.maven.surefire.junitplatform.LazyLauncher.execute(LazyLauncher.java:56)
	at org.apache.maven.surefire.junitplatform.JUnitPlatformProvider.execute(JUnitPlatformProvider.java:184)
	at org.apache.maven.surefire.junitplatform.JUnitPlatformProvider.invokeAllTests(JUnitPlatformProvider.java:148)
	at org.apache.maven.surefire.junitplatform.JUnitPlatformProvider.invoke(JUnitPlatformProvider.java:122)
	at org.apache.maven.surefire.booter.ForkedBooter.runSuitesInProcess(ForkedBooter.java:385)
	at org.apache.maven.surefire.booter.ForkedBooter.execute(ForkedBooter.java:162)
	at org.apache.maven.surefire.booter.ForkedBooter.run(ForkedBooter.java:507)
	at org.apache.maven.surefire.booter.ForkedBooter.main(ForkedBooter.java:495)
Caused by: java.lang.IllegalArgumentException: Could not resolve placeholder 'OPENAI_API_KEY' in value "${OPENAI_API_KEY}"
	at org.springframework.util.PropertyPlaceholderHelper.parseStringValue(PropertyPlaceholderHelper.java:180)
	at org.springframework.util.PropertyPlaceholderHelper.replacePlaceholders(PropertyPlaceholderHelper.java:126)
	at org.springframework.core.env.AbstractPropertyResolver.doResolvePlaceholders(AbstractPropertyResolver.java:239)
	at org.springframework.core.env.AbstractPropertyResolver.resolveRequiredPlaceholders(AbstractPropertyResolver.java:210)
	at org.springframework.core.env.AbstractPropertyResolver.resolveNestedPlaceholders(AbstractPropertyResolver.java:230)
	at org.springframework.boot.context.properties.source.ConfigurationPropertySourcesPropertyResolver.getProperty(ConfigurationPropertySourcesPropertyResolver.java:80)
	at org.springframework.boot.context.properties.source.ConfigurationPropertySourcesPropertyResolver.getProperty(ConfigurationPropertySourcesPropertyResolver.java:61)
	at org.springframework.core.env.AbstractEnvironment.getProperty(AbstractEnvironment.java:552)
	at org.springframework.boot.autoconfigure.condition.OnPropertyCondition$Spec.collectProperties(OnPropertyCondition.java:121)
	at org.springframework.boot.autoconfigure.condition.OnPropertyCondition.determineOutcome(OnPropertyCondition.java:71)
	at org.springframework.boot.autoconfigure.condition.OnPropertyCondition.getMatchOutcome(OnPropertyCondition.java:58)
	at org.springframework.boot.autoconfigure.condition.SpringBootCondition.matches(SpringBootCondition.java:47)
	... 95 common frames omitted
2024-09-15 13:32:52 WARN  [main] o.s.test.context.TestContextManager - Caught exception while allowing TestExecutionListener [org.springframework.test.context.web.ServletTestExecutionListener] to prepare test instance [com.redis.jpilot.JpilotApplicationTests@2fe74516]
java.lang.IllegalStateException: Failed to load ApplicationContext for [WebMergedContextConfiguration@5e99b9c testClass = com.redis.jpilot.JpilotApplicationTests, locations = [], classes = [com.redis.jpilot.JpilotApplication], contextInitializerClasses = [], activeProfiles = [], propertySourceDescriptors = [], propertySourceProperties = ["org.springframework.boot.test.context.SpringBootTestContextBootstrapper=true"], contextCustomizers = [org.springframework.boot.test.context.filter.ExcludeFilterContextCustomizer@4dc27487, org.springframework.boot.test.json.DuplicateJsonObjectContextCustomizerFactory$DuplicateJsonObjectContextCustomizer@6933b6c6, org.springframework.boot.test.mock.mockito.MockitoContextCustomizer@0, org.springframework.boot.test.web.client.TestRestTemplateContextCustomizer@1e4f4a5c, org.springframework.boot.test.web.reactor.netty.DisableReactorResourceFactoryGlobalResourcesContextCustomizerFactory$DisableReactorResourceFactoryGlobalResourcesContextCustomizerCustomizer@9816741, org.springframework.boot.test.autoconfigure.actuate.observability.ObservabilityContextCustomizerFactory$DisableObservabilityContextCustomizer@1f, org.springframework.boot.test.autoconfigure.properties.PropertyMappingContextCustomizer@0, org.springframework.boot.test.autoconfigure.web.servlet.WebDriverContextCustomizer@18f8cd79, org.springframework.boot.test.context.SpringBootTestAnnotation@f38fb3a6], resourceBasePath = "src/main/webapp", contextLoader = org.springframework.boot.test.context.SpringBootContextLoader, parent = null]
	at org.springframework.test.context.cache.DefaultCacheAwareContextLoaderDelegate.loadContext(DefaultCacheAwareContextLoaderDelegate.java:180)
	at org.springframework.test.context.support.DefaultTestContext.getApplicationContext(DefaultTestContext.java:130)
	at org.springframework.test.context.web.ServletTestExecutionListener.setUpRequestContextIfNecessary(ServletTestExecutionListener.java:191)
	at org.springframework.test.context.web.ServletTestExecutionListener.prepareTestInstance(ServletTestExecutionListener.java:130)
	at org.springframework.test.context.TestContextManager.prepareTestInstance(TestContextManager.java:260)
	at org.springframework.test.context.junit.jupiter.SpringExtension.postProcessTestInstance(SpringExtension.java:163)
	at org.junit.jupiter.engine.descriptor.ClassBasedTestDescriptor.lambda$invokeTestInstancePostProcessors$10(ClassBasedTestDescriptor.java:378)
	at org.junit.jupiter.engine.descriptor.ClassBasedTestDescriptor.executeAndMaskThrowable(ClassBasedTestDescriptor.java:383)
	at org.junit.jupiter.engine.descriptor.ClassBasedTestDescriptor.lambda$invokeTestInstancePostProcessors$11(ClassBasedTestDescriptor.java:378)
	at java.base/java.util.stream.ReferencePipeline$3$1.accept(ReferencePipeline.java:212)
	at java.base/java.util.stream.ReferencePipeline$2$1.accept(ReferencePipeline.java:194)
	at java.base/java.util.ArrayList$ArrayListSpliterator.forEachRemaining(ArrayList.java:1709)
	at java.base/java.util.stream.AbstractPipeline.copyInto(AbstractPipeline.java:556)
	at java.base/java.util.stream.AbstractPipeline.wrapAndCopyInto(AbstractPipeline.java:546)
	at java.base/java.util.stream.StreamSpliterators$WrappingSpliterator.forEachRemaining(StreamSpliterators.java:310)
	at java.base/java.util.stream.Streams$ConcatSpliterator.forEachRemaining(Streams.java:735)
	at java.base/java.util.stream.Streams$ConcatSpliterator.forEachRemaining(Streams.java:734)
	at java.base/java.util.stream.ReferencePipeline$Head.forEach(ReferencePipeline.java:782)
	at org.junit.jupiter.engine.descriptor.ClassBasedTestDescriptor.invokeTestInstancePostProcessors(ClassBasedTestDescriptor.java:377)
	at org.junit.jupiter.engine.descriptor.ClassBasedTestDescriptor.lambda$instantiateAndPostProcessTestInstance$6(ClassBasedTestDescriptor.java:290)
	at org.junit.platform.engine.support.hierarchical.ThrowableCollector.execute(ThrowableCollector.java:73)
	at org.junit.jupiter.engine.descriptor.ClassBasedTestDescriptor.instantiateAndPostProcessTestInstance(ClassBasedTestDescriptor.java:289)
	at org.junit.jupiter.engine.descriptor.ClassBasedTestDescriptor.lambda$testInstancesProvider$4(ClassBasedTestDescriptor.java:279)
	at java.base/java.util.Optional.orElseGet(Optional.java:364)
	at org.junit.jupiter.engine.descriptor.ClassBasedTestDescriptor.lambda$testInstancesProvider$5(ClassBasedTestDescriptor.java:278)
	at org.junit.jupiter.engine.execution.TestInstancesProvider.getTestInstances(TestInstancesProvider.java:31)
	at org.junit.jupiter.engine.descriptor.TestMethodTestDescriptor.lambda$prepare$0(TestMethodTestDescriptor.java:106)
	at org.junit.platform.engine.support.hierarchical.ThrowableCollector.execute(ThrowableCollector.java:73)
	at org.junit.jupiter.engine.descriptor.TestMethodTestDescriptor.prepare(TestMethodTestDescriptor.java:105)
	at org.junit.jupiter.engine.descriptor.TestMethodTestDescriptor.prepare(TestMethodTestDescriptor.java:69)
	at org.junit.platform.engine.support.hierarchical.NodeTestTask.lambda$prepare$2(NodeTestTask.java:123)
	at org.junit.platform.engine.support.hierarchical.ThrowableCollector.execute(ThrowableCollector.java:73)
	at org.junit.platform.engine.support.hierarchical.NodeTestTask.prepare(NodeTestTask.java:123)
	at org.junit.platform.engine.support.hierarchical.NodeTestTask.execute(NodeTestTask.java:90)
	at java.base/java.util.ArrayList.forEach(ArrayList.java:1597)
	at org.junit.platform.engine.support.hierarchical.SameThreadHierarchicalTestExecutorService.invokeAll(SameThreadHierarchicalTestExecutorService.java:41)
	at org.junit.platform.engine.support.hierarchical.NodeTestTask.lambda$executeRecursively$6(NodeTestTask.java:155)
	at org.junit.platform.engine.support.hierarchical.ThrowableCollector.execute(ThrowableCollector.java:73)
	at org.junit.platform.engine.support.hierarchical.NodeTestTask.lambda$executeRecursively$8(NodeTestTask.java:141)
	at org.junit.platform.engine.support.hierarchical.Node.around(Node.java:137)
	at org.junit.platform.engine.support.hierarchical.NodeTestTask.lambda$executeRecursively$9(NodeTestTask.java:139)
	at org.junit.platform.engine.support.hierarchical.ThrowableCollector.execute(ThrowableCollector.java:73)
	at org.junit.platform.engine.support.hierarchical.NodeTestTask.executeRecursively(NodeTestTask.java:138)
	at org.junit.platform.engine.support.hierarchical.NodeTestTask.execute(NodeTestTask.java:95)
	at java.base/java.util.ArrayList.forEach(ArrayList.java:1597)
	at org.junit.platform.engine.support.hierarchical.SameThreadHierarchicalTestExecutorService.invokeAll(SameThreadHierarchicalTestExecutorService.java:41)
	at org.junit.platform.engine.support.hierarchical.NodeTestTask.lambda$executeRecursively$6(NodeTestTask.java:155)
	at org.junit.platform.engine.support.hierarchical.ThrowableCollector.execute(ThrowableCollector.java:73)
	at org.junit.platform.engine.support.hierarchical.NodeTestTask.lambda$executeRecursively$8(NodeTestTask.java:141)
	at org.junit.platform.engine.support.hierarchical.Node.around(Node.java:137)
	at org.junit.platform.engine.support.hierarchical.NodeTestTask.lambda$executeRecursively$9(NodeTestTask.java:139)
	at org.junit.platform.engine.support.hierarchical.ThrowableCollector.execute(ThrowableCollector.java:73)
	at org.junit.platform.engine.support.hierarchical.NodeTestTask.executeRecursively(NodeTestTask.java:138)
	at org.junit.platform.engine.support.hierarchical.NodeTestTask.execute(NodeTestTask.java:95)
	at org.junit.platform.engine.support.hierarchical.SameThreadHierarchicalTestExecutorService.submit(SameThreadHierarchicalTestExecutorService.java:35)
	at org.junit.platform.engine.support.hierarchical.HierarchicalTestExecutor.execute(HierarchicalTestExecutor.java:57)
	at org.junit.platform.engine.support.hierarchical.HierarchicalTestEngine.execute(HierarchicalTestEngine.java:54)
	at org.junit.platform.launcher.core.EngineExecutionOrchestrator.execute(EngineExecutionOrchestrator.java:198)
	at org.junit.platform.launcher.core.EngineExecutionOrchestrator.execute(EngineExecutionOrchestrator.java:169)
	at org.junit.platform.launcher.core.EngineExecutionOrchestrator.execute(EngineExecutionOrchestrator.java:93)
	at org.junit.platform.launcher.core.EngineExecutionOrchestrator.lambda$execute$0(EngineExecutionOrchestrator.java:58)
	at org.junit.platform.launcher.core.EngineExecutionOrchestrator.withInterceptedStreams(EngineExecutionOrchestrator.java:141)
	at org.junit.platform.launcher.core.EngineExecutionOrchestrator.execute(EngineExecutionOrchestrator.java:57)
	at org.junit.platform.launcher.core.DefaultLauncher.execute(DefaultLauncher.java:103)
	at org.junit.platform.launcher.core.DefaultLauncher.execute(DefaultLauncher.java:85)
	at org.junit.platform.launcher.core.DelegatingLauncher.execute(DelegatingLauncher.java:47)
	at org.apache.maven.surefire.junitplatform.LazyLauncher.execute(LazyLauncher.java:56)
	at org.apache.maven.surefire.junitplatform.JUnitPlatformProvider.execute(JUnitPlatformProvider.java:184)
	at org.apache.maven.surefire.junitplatform.JUnitPlatformProvider.invokeAllTests(JUnitPlatformProvider.java:148)
	at org.apache.maven.surefire.junitplatform.JUnitPlatformProvider.invoke(JUnitPlatformProvider.java:122)
	at org.apache.maven.surefire.booter.ForkedBooter.runSuitesInProcess(ForkedBooter.java:385)
	at org.apache.maven.surefire.booter.ForkedBooter.execute(ForkedBooter.java:162)
	at org.apache.maven.surefire.booter.ForkedBooter.run(ForkedBooter.java:507)
	at org.apache.maven.surefire.booter.ForkedBooter.main(ForkedBooter.java:495)
Caused by: java.lang.IllegalStateException: Error processing condition on dev.langchain4j.openai.spring.AutoConfig.openAiChatModel
	at org.springframework.boot.autoconfigure.condition.SpringBootCondition.matches(SpringBootCondition.java:60)
	at org.springframework.context.annotation.ConditionEvaluator.shouldSkip(ConditionEvaluator.java:108)
	at org.springframework.context.annotation.ConfigurationClassBeanDefinitionReader.loadBeanDefinitionsForBeanMethod(ConfigurationClassBeanDefinitionReader.java:183)
	at org.springframework.context.annotation.ConfigurationClassBeanDefinitionReader.loadBeanDefinitionsForConfigurationClass(ConfigurationClassBeanDefinitionReader.java:144)
	at org.springframework.context.annotation.ConfigurationClassBeanDefinitionReader.loadBeanDefinitions(ConfigurationClassBeanDefinitionReader.java:120)
	at org.springframework.context.annotation.ConfigurationClassPostProcessor.processConfigBeanDefinitions(ConfigurationClassPostProcessor.java:429)
	at org.springframework.context.annotation.ConfigurationClassPostProcessor.postProcessBeanDefinitionRegistry(ConfigurationClassPostProcessor.java:290)
	at org.springframework.context.support.PostProcessorRegistrationDelegate.invokeBeanDefinitionRegistryPostProcessors(PostProcessorRegistrationDelegate.java:349)
	at org.springframework.context.support.PostProcessorRegistrationDelegate.invokeBeanFactoryPostProcessors(PostProcessorRegistrationDelegate.java:118)
	at org.springframework.context.support.AbstractApplicationContext.invokeBeanFactoryPostProcessors(AbstractApplicationContext.java:789)
	at org.springframework.context.support.AbstractApplicationContext.refresh(AbstractApplicationContext.java:607)
	at org.springframework.boot.SpringApplication.refresh(SpringApplication.java:754)
	at org.springframework.boot.SpringApplication.refreshContext(SpringApplication.java:456)
	at org.springframework.boot.SpringApplication.run(SpringApplication.java:335)
	at org.springframework.boot.test.context.SpringBootContextLoader.lambda$loadContext$3(SpringBootContextLoader.java:137)
	at org.springframework.util.function.ThrowingSupplier.get(ThrowingSupplier.java:58)
	at org.springframework.util.function.ThrowingSupplier.get(ThrowingSupplier.java:46)
	at org.springframework.boot.SpringApplication.withHook(SpringApplication.java:1463)
	at org.springframework.boot.test.context.SpringBootContextLoader$ContextLoaderHook.run(SpringBootContextLoader.java:553)
	at org.springframework.boot.test.context.SpringBootContextLoader.loadContext(SpringBootContextLoader.java:137)
	at org.springframework.boot.test.context.SpringBootContextLoader.loadContext(SpringBootContextLoader.java:108)
	at org.springframework.test.context.cache.DefaultCacheAwareContextLoaderDelegate.loadContextInternal(DefaultCacheAwareContextLoaderDelegate.java:225)
	at org.springframework.test.context.cache.DefaultCacheAwareContextLoaderDelegate.loadContext(DefaultCacheAwareContextLoaderDelegate.java:152)
	... 73 common frames omitted
Caused by: java.lang.IllegalArgumentException: Could not resolve placeholder 'OPENAI_API_KEY' in value "${OPENAI_API_KEY}"
	at org.springframework.util.PropertyPlaceholderHelper.parseStringValue(PropertyPlaceholderHelper.java:180)
	at org.springframework.util.PropertyPlaceholderHelper.replacePlaceholders(PropertyPlaceholderHelper.java:126)
	at org.springframework.core.env.AbstractPropertyResolver.doResolvePlaceholders(AbstractPropertyResolver.java:239)
	at org.springframework.core.env.AbstractPropertyResolver.resolveRequiredPlaceholders(AbstractPropertyResolver.java:210)
	at org.springframework.core.env.AbstractPropertyResolver.resolveNestedPlaceholders(AbstractPropertyResolver.java:230)
	at org.springframework.boot.context.properties.source.ConfigurationPropertySourcesPropertyResolver.getProperty(ConfigurationPropertySourcesPropertyResolver.java:80)
	at org.springframework.boot.context.properties.source.ConfigurationPropertySourcesPropertyResolver.getProperty(ConfigurationPropertySourcesPropertyResolver.java:61)
	at org.springframework.core.env.AbstractEnvironment.getProperty(AbstractEnvironment.java:552)
	at org.springframework.boot.autoconfigure.condition.OnPropertyCondition$Spec.collectProperties(OnPropertyCondition.java:121)
	at org.springframework.boot.autoconfigure.condition.OnPropertyCondition.determineOutcome(OnPropertyCondition.java:71)
	at org.springframework.boot.autoconfigure.condition.OnPropertyCondition.getMatchOutcome(OnPropertyCondition.java:58)
	at org.springframework.boot.autoconfigure.condition.SpringBootCondition.matches(SpringBootCondition.java:47)
	... 95 common frames omitted
]]></system-out>
    <system-err><![CDATA[


============================
CONDITIONS EVALUATION REPORT
============================


Positive matches:
-----------------

    None


Negative matches:
-----------------

    None


Exclusions:
-----------

    None


Unconditional classes:
----------------------

    None



]]></system-err>
  </testcase>
</testsuite>